build/app/intermediates/manifest_merge_blame_file/release/manifest-merger-blame-release-report.txt
1<?xml version="1.0" encoding="utf-8"?>
2<manifest xmlns:android="http://schemas.android.com/apk/res/android"
3    package="com.example.space_flight_recorder"
4    android:versionCode="1"
5    android:versionName="1.0.0" >
6
7    <uses-sdk
8        android:minSdkVersion="21"
8-->src/main/AndroidManifest.xml
9        android:targetSdkVersion="30" />
9-->src/main/AndroidManifest.xml
10
11    <uses-permission android:name="android.permission.INTERNET" />
11-->[com.google.firebase:firebase-auth:21.1.0] AndroidManifest.xml:23:5-67
11-->[com.google.firebase:firebase-auth:21.1.0] AndroidManifest.xml:23:22-64
12    <uses-permission android:name="android.permission.ACCESS_NETWORK_STATE" />
12-->[com.google.firebase:firebase-auth:21.1.0] AndroidManifest.xml:24:5-79
12-->[com.google.firebase:firebase-auth:21.1.0] AndroidManifest.xml:24:22-76
13
14    <uses-feature
14-->[com.google.android.gms:play-services-maps:18.1.0] AndroidManifest.xml:26:5-28:35
15        android:glEsVersion="0x00020000"
15-->[com.google.android.gms:play-services-maps:18.1.0] AndroidManifest.xml:27:9-41
16        android:required="true" />
16-->[com.google.android.gms:play-services-maps:18.1.0] AndroidManifest.xml:28:9-32
17
18    <queries>
18-->[com.google.android.gms:play-services-maps:18.1.0] AndroidManifest.xml:30:5-34:15
19
20        <!-- Needs to be explicitly declared on Android R+ -->
21        <package android:name="com.google.android.apps.maps" />
21-->[com.google.android.gms:play-services-maps:18.1.0] AndroidManifest.xml:33:9-64
21-->[com.google.android.gms:play-services-maps:18.1.0] AndroidManifest.xml:33:18-61
22    </queries>
23
24    <application
25        android:name="android.app.Application"
25-->src/main/AndroidManifest.xml:5:9-42
26        android:appComponentFactory="androidx.core.app.CoreComponentFactory"
26-->[androidx.core:core:1.6.0] AndroidManifest.xml:24:18-86
27        android:icon="@mipmap/ic_launcher"
27-->src/main/AndroidManifest.xml:6:9-43
28        android:label="LiftOff" >
28-->src/main/AndroidManifest.xml:4:9-32
29        <activity
29-->src/main/AndroidManifest.xml:7:9-27:20
30            android:name="com.example.space_flight_recorder.MainActivity"
30-->src/main/AndroidManifest.xml:8:13-41
31            android:configChanges="orientation|keyboardHidden|keyboard|screenSize|smallestScreenSize|locale|layoutDirection|fontScale|screenLayout|density|uiMode"
31-->src/main/AndroidManifest.xml:12:13-163
32            android:exported="true"
32-->src/main/AndroidManifest.xml:9:13-36
33            android:hardwareAccelerated="true"
33-->src/main/AndroidManifest.xml:13:13-47
34            android:launchMode="singleTop"
34-->src/main/AndroidManifest.xml:10:13-43
35            android:theme="@style/LaunchTheme"
35-->src/main/AndroidManifest.xml:11:13-47
36            android:windowSoftInputMode="adjustResize" >
36-->src/main/AndroidManifest.xml:14:13-55
37
38            <!--
39                 Specifies an Android theme to apply to this Activity as soon as
40                 the Android process has started. This theme is visible to the user
41                 while the Flutter UI initializes. After that, this theme continues
42                 to determine the Window background behind the Flutter UI.
43            -->
44            <meta-data
44-->src/main/AndroidManifest.xml:19:13-22:17
45                android:name="io.flutter.embedding.android.NormalTheme"
45-->src/main/AndroidManifest.xml:20:15-70
46                android:resource="@style/NormalTheme" />
46-->src/main/AndroidManifest.xml:21:15-52
47
48            <intent-filter>
48-->src/main/AndroidManifest.xml:23:13-26:29
49                <action android:name="android.intent.action.MAIN" />
49-->src/main/AndroidManifest.xml:24:17-68
49-->src/main/AndroidManifest.xml:24:25-66
50
51                <category android:name="android.intent.category.LAUNCHER" />
51-->src/main/AndroidManifest.xml:25:17-76
51-->src/main/AndroidManifest.xml:25:27-74
52            </intent-filter>
53        </activity>
54        <!--
55             Don't delete the meta-data below.
56             This is used by the Flutter tool to generate GeneratedPluginRegistrant.java
57        -->
58        <meta-data
58-->src/main/AndroidManifest.xml:30:9-32:33
59            android:name="flutterEmbedding"
59-->src/main/AndroidManifest.xml:31:13-44
60            android:value="2" />
60-->src/main/AndroidManifest.xml:32:13-30
61        <meta-data
61-->src/main/AndroidManifest.xml:33:8-34:69
62            android:name="com.google.android.geo.API_KEY"
62-->src/main/AndroidManifest.xml:33:19-64
63            android:value="AIzaSyD7YcfTtpwdewCXHUs4zSGviUX5QU2hTec" />
63-->src/main/AndroidManifest.xml:34:12-67
64
65        <service
65-->[:firebase_auth] AndroidManifest.xml:10:9-14:19
66            android:name="com.google.firebase.components.ComponentDiscoveryService"
66-->[:firebase_auth] AndroidManifest.xml:10:18-89
67            android:directBootAware="true"
67-->[com.google.firebase:firebase-common:20.2.0] AndroidManifest.xml:34:13-43
68            android:exported="false" >
68-->[com.google.firebase:firebase-auth:21.1.0] AndroidManifest.xml:66:13-37
69            <meta-data
69-->[:firebase_auth] AndroidManifest.xml:11:13-13:85
70                android:name="com.google.firebase.components:io.flutter.plugins.firebase.auth.FlutterFirebaseAuthRegistrar"
70-->[:firebase_auth] AndroidManifest.xml:12:17-124
71                android:value="com.google.firebase.components.ComponentRegistrar" />
71-->[:firebase_auth] AndroidManifest.xml:13:17-82
72            <meta-data
72-->[:cloud_firestore] AndroidManifest.xml:11:13-13:85
73                android:name="com.google.firebase.components:io.flutter.plugins.firebase.firestore.FlutterFirebaseFirestoreRegistrar"
73-->[:cloud_firestore] AndroidManifest.xml:12:17-134
74                android:value="com.google.firebase.components.ComponentRegistrar" />
74-->[:cloud_firestore] AndroidManifest.xml:13:17-82
75            <meta-data
75-->[:firebase_core] AndroidManifest.xml:11:13-13:85
76                android:name="com.google.firebase.components:io.flutter.plugins.firebase.core.FlutterFirebaseCoreRegistrar"
76-->[:firebase_core] AndroidManifest.xml:12:17-124
77                android:value="com.google.firebase.components.ComponentRegistrar" />
77-->[:firebase_core] AndroidManifest.xml:13:17-82
78            <meta-data
78-->[com.google.firebase:firebase-auth:21.1.0] AndroidManifest.xml:67:13-69:85
79                android:name="com.google.firebase.components:com.google.firebase.auth.FirebaseAuthRegistrar"
79-->[com.google.firebase:firebase-auth:21.1.0] AndroidManifest.xml:68:17-109
80                android:value="com.google.firebase.components.ComponentRegistrar" />
80-->[com.google.firebase:firebase-auth:21.1.0] AndroidManifest.xml:69:17-82
81            <meta-data
81-->[com.google.firebase:firebase-firestore:24.4.0] AndroidManifest.xml:19:13-21:85
82                android:name="com.google.firebase.components:com.google.firebase.firestore.FirestoreRegistrar"
82-->[com.google.firebase:firebase-firestore:24.4.0] AndroidManifest.xml:20:17-111
83                android:value="com.google.firebase.components.ComponentRegistrar" />
83-->[com.google.firebase:firebase-firestore:24.4.0] AndroidManifest.xml:21:17-82
84        </service>
85
86        <activity
86-->[:url_launcher_android] AndroidManifest.xml:10:9-13:74
87            android:name="io.flutter.plugins.urllauncher.WebViewActivity"
87-->[:url_launcher_android] AndroidManifest.xml:11:13-74
88            android:exported="false"
88-->[:url_launcher_android] AndroidManifest.xml:12:13-37
89            android:theme="@android:style/Theme.NoTitleBar.Fullscreen" />
89-->[:url_launcher_android] AndroidManifest.xml:13:13-71
90
91        <uses-library
91-->[androidx.window:window:1.0.0-beta04] AndroidManifest.xml:25:9-27:40
92            android:name="androidx.window.extensions"
92-->[androidx.window:window:1.0.0-beta04] AndroidManifest.xml:26:13-54
93            android:required="false" />
93-->[androidx.window:window:1.0.0-beta04] AndroidManifest.xml:27:13-37
94        <uses-library
94-->[androidx.window:window:1.0.0-beta04] AndroidManifest.xml:28:9-30:40
95            android:name="androidx.window.sidecar"
95-->[androidx.window:window:1.0.0-beta04] AndroidManifest.xml:29:13-51
96            android:required="false" />
96-->[androidx.window:window:1.0.0-beta04] AndroidManifest.xml:30:13-37
97
98        <activity
98-->[com.google.firebase:firebase-auth:21.1.0] AndroidManifest.xml:27:9-44:20
99            android:name="com.google.firebase.auth.internal.GenericIdpActivity"
99-->[com.google.firebase:firebase-auth:21.1.0] AndroidManifest.xml:28:13-80
100            android:excludeFromRecents="true"
100-->[com.google.firebase:firebase-auth:21.1.0] AndroidManifest.xml:29:13-46
101            android:exported="true"
101-->[com.google.firebase:firebase-auth:21.1.0] AndroidManifest.xml:30:13-36
102            android:launchMode="singleTask"
102-->[com.google.firebase:firebase-auth:21.1.0] AndroidManifest.xml:31:13-44
103            android:theme="@android:style/Theme.Translucent.NoTitleBar" >
103-->[com.google.firebase:firebase-auth:21.1.0] AndroidManifest.xml:32:13-72
104            <intent-filter>
104-->[com.google.firebase:firebase-auth:21.1.0] AndroidManifest.xml:33:13-43:29
105                <action android:name="android.intent.action.VIEW" />
105-->[com.google.firebase:firebase-auth:21.1.0] AndroidManifest.xml:34:17-69
105-->[com.google.firebase:firebase-auth:21.1.0] AndroidManifest.xml:34:25-66
106
107                <category android:name="android.intent.category.DEFAULT" />
107-->[com.google.firebase:firebase-auth:21.1.0] AndroidManifest.xml:36:17-76
107-->[com.google.firebase:firebase-auth:21.1.0] AndroidManifest.xml:36:27-73
108                <category android:name="android.intent.category.BROWSABLE" />
108-->[com.google.firebase:firebase-auth:21.1.0] AndroidManifest.xml:37:17-78
108-->[com.google.firebase:firebase-auth:21.1.0] AndroidManifest.xml:37:27-75
109
110                <data
110-->[com.google.firebase:firebase-auth:21.1.0] AndroidManifest.xml:39:17-42:51
111                    android:host="firebase.auth"
111-->[com.google.firebase:firebase-auth:21.1.0] AndroidManifest.xml:40:21-49
112                    android:path="/"
112-->[com.google.firebase:firebase-auth:21.1.0] AndroidManifest.xml:41:21-37
113                    android:scheme="genericidp" />
113-->[com.google.firebase:firebase-auth:21.1.0] AndroidManifest.xml:42:21-48
114            </intent-filter>
115        </activity>
116        <activity
116-->[com.google.firebase:firebase-auth:21.1.0] AndroidManifest.xml:45:9-62:20
117            android:name="com.google.firebase.auth.internal.RecaptchaActivity"
117-->[com.google.firebase:firebase-auth:21.1.0] AndroidManifest.xml:46:13-79
118            android:excludeFromRecents="true"
118-->[com.google.firebase:firebase-auth:21.1.0] AndroidManifest.xml:47:13-46
119            android:exported="true"
119-->[com.google.firebase:firebase-auth:21.1.0] AndroidManifest.xml:48:13-36
120            android:launchMode="singleTask"
120-->[com.google.firebase:firebase-auth:21.1.0] AndroidManifest.xml:49:13-44
121            android:theme="@android:style/Theme.Translucent.NoTitleBar" >
121-->[com.google.firebase:firebase-auth:21.1.0] AndroidManifest.xml:50:13-72
122            <intent-filter>
122-->[com.google.firebase:firebase-auth:21.1.0] AndroidManifest.xml:51:13-61:29
123                <action android:name="android.intent.action.VIEW" />
123-->[com.google.firebase:firebase-auth:21.1.0] AndroidManifest.xml:34:17-69
123-->[com.google.firebase:firebase-auth:21.1.0] AndroidManifest.xml:34:25-66
124
125                <category android:name="android.intent.category.DEFAULT" />
125-->[com.google.firebase:firebase-auth:21.1.0] AndroidManifest.xml:36:17-76
125-->[com.google.firebase:firebase-auth:21.1.0] AndroidManifest.xml:36:27-73
126                <category android:name="android.intent.category.BROWSABLE" />
126-->[com.google.firebase:firebase-auth:21.1.0] AndroidManifest.xml:37:17-78
126-->[com.google.firebase:firebase-auth:21.1.0] AndroidManifest.xml:37:27-75
127
128                <data
128-->[com.google.firebase:firebase-auth:21.1.0] AndroidManifest.xml:39:17-42:51
129                    android:host="firebase.auth"
129-->[com.google.firebase:firebase-auth:21.1.0] AndroidManifest.xml:40:21-49
130                    android:path="/"
130-->[com.google.firebase:firebase-auth:21.1.0] AndroidManifest.xml:41:21-37
131                    android:scheme="recaptcha" />
131-->[com.google.firebase:firebase-auth:21.1.0] AndroidManifest.xml:42:21-48
132            </intent-filter>
133        </activity>
134
135        <provider
135-->[com.google.firebase:firebase-common:20.2.0] AndroidManifest.xml:25:9-30:39
136            android:name="com.google.firebase.provider.FirebaseInitProvider"
136-->[com.google.firebase:firebase-common:20.2.0] AndroidManifest.xml:26:13-77
137            android:authorities="com.example.space_flight_recorder.firebaseinitprovider"
137-->[com.google.firebase:firebase-common:20.2.0] AndroidManifest.xml:27:13-72
138            android:directBootAware="true"
138-->[com.google.firebase:firebase-common:20.2.0] AndroidManifest.xml:28:13-43
139            android:exported="false"
139-->[com.google.firebase:firebase-common:20.2.0] AndroidManifest.xml:29:13-37
140            android:initOrder="100" />
140-->[com.google.firebase:firebase-common:20.2.0] AndroidManifest.xml:30:13-36
141
142        <activity
142-->[com.google.android.gms:play-services-auth:20.4.0] AndroidManifest.xml:23:9-27:75
143            android:name="com.google.android.gms.auth.api.signin.internal.SignInHubActivity"
143-->[com.google.android.gms:play-services-auth:20.4.0] AndroidManifest.xml:24:13-93
144            android:excludeFromRecents="true"
144-->[com.google.android.gms:play-services-auth:20.4.0] AndroidManifest.xml:25:13-46
145            android:exported="false"
145-->[com.google.android.gms:play-services-auth:20.4.0] AndroidManifest.xml:26:13-37
146            android:theme="@android:style/Theme.Translucent.NoTitleBar" />
146-->[com.google.android.gms:play-services-auth:20.4.0] AndroidManifest.xml:27:13-72
147        <!--
148            Service handling Google Sign-In user revocation. For apps that do not integrate with
149            Google Sign-In, this service will never be started.
150        -->
151        <service
151-->[com.google.android.gms:play-services-auth:20.4.0] AndroidManifest.xml:33:9-37:51
152            android:name="com.google.android.gms.auth.api.signin.RevocationBoundService"
152-->[com.google.android.gms:play-services-auth:20.4.0] AndroidManifest.xml:34:13-89
153            android:exported="true"
153-->[com.google.android.gms:play-services-auth:20.4.0] AndroidManifest.xml:35:13-36
154            android:permission="com.google.android.gms.auth.api.signin.permission.REVOCATION_NOTIFICATION"
154-->[com.google.android.gms:play-services-auth:20.4.0] AndroidManifest.xml:36:13-107
155            android:visibleToInstantApps="true" /> <!-- Needs to be explicitly declared on P+ -->
155-->[com.google.android.gms:play-services-auth:20.4.0] AndroidManifest.xml:37:13-48
156        <uses-library
156-->[com.google.android.gms:play-services-maps:18.1.0] AndroidManifest.xml:39:9-41:40
157            android:name="org.apache.http.legacy"
157-->[com.google.android.gms:play-services-maps:18.1.0] AndroidManifest.xml:40:13-50
158            android:required="false" />
158-->[com.google.android.gms:play-services-maps:18.1.0] AndroidManifest.xml:41:13-37
159
160        <activity
160-->[com.google.android.gms:play-services-base:18.0.1] AndroidManifest.xml:20:9-22:45
161            android:name="com.google.android.gms.common.api.GoogleApiActivity"
161-->[com.google.android.gms:play-services-base:18.0.1] AndroidManifest.xml:20:19-85
162            android:exported="false"
162-->[com.google.android.gms:play-services-base:18.0.1] AndroidManifest.xml:22:19-43
163            android:theme="@android:style/Theme.Translucent.NoTitleBar" />
163-->[com.google.android.gms:play-services-base:18.0.1] AndroidManifest.xml:21:19-78
164
165        <meta-data
165-->[com.google.android.gms:play-services-basement:18.1.0] AndroidManifest.xml:21:9-23:69
166            android:name="com.google.android.gms.version"
166-->[com.google.android.gms:play-services-basement:18.1.0] AndroidManifest.xml:22:13-58
167            android:value="@integer/google_play_services_version" />
167-->[com.google.android.gms:play-services-basement:18.1.0] AndroidManifest.xml:23:13-66
168    </application>
169
170</manifest>